This file contains any messages produced by compilers while
running configure, to aid debugging if configure makes a mistake.

It was created by tesseract configure 5.3.1, which was
generated by GNU Autoconf 2.71.  Invocation command line was

  $ ../../configure --disable-openmp --disable-shared 'CXXFLAGS=-g -O2 -fno-math-errno -Wall -Wextra -Wpedantic'

## --------- ##
## Platform. ##
## --------- ##

hostname = DE-VNLKV27R7H
uname -m = arm64
uname -r = 22.4.0
uname -s = Darwin
uname -v = Darwin Kernel Version 22.4.0: Mon Mar  6 20:59:28 PST 2023; root:xnu-8796.101.5~3/RELEASE_ARM64_T6000

/usr/bin/uname -p = arm
/bin/uname -X     = unknown

/bin/arch              = unknown
/usr/bin/arch -k       = unknown
/usr/convex/getsysinfo = unknown
/usr/bin/hostinfo      = Mach kernel version:
	 Darwin Kernel Version 22.4.0: Mon Mar  6 20:59:28 PST 2023; root:xnu-8796.101.5~3/RELEASE_ARM64_T6000
Kernel configured for up to 10 processors.
10 processors are physically available.
10 processors are logically available.
Processor type: arm64e (ARM64E)
Processors active: 0 1 2 3 4 5 6 7 8 9
Primary memory available: 32.00 gigabytes
Default processor set: 713 tasks, 5313 threads, 10 processors
Load average: 23.29, Mach factor: 0.85
/bin/machine           = unknown
/usr/bin/oslevel       = unknown
/bin/universe          = unknown

PATH: /Users/skrug/PycharmProjects/coba_docai_features/venv/bin/
PATH: /opt/homebrew/bin/
PATH: /opt/homebrew/sbin/
PATH: /usr/local/bin/
PATH: /System/Cryptexes/App/usr/bin/
PATH: /usr/bin/
PATH: /bin/
PATH: /usr/sbin/
PATH: /sbin/
PATH: /usr/local/laps/
PATH: /Library/Apple/usr/bin/
PATH: /var/run/com.apple.security.cryptexd/codex.system/bootstrap/usr/local/bin/
PATH: /var/run/com.apple.security.cryptexd/codex.system/bootstrap/usr/bin/
PATH: /var/run/com.apple.security.cryptexd/codex.system/bootstrap/usr/appleinternal/bin/
PATH: /Users/skrug/Library/Application Support/JetBrains/Toolbox/scripts/


## ----------- ##
## Core tests. ##
## ----------- ##

configure:3043: looking for aux files: compile ltmain.sh config.guess config.sub missing install-sh
configure:3056:  trying ../../config/
configure:3085:   ../../config/compile found
configure:3085:   ../../config/ltmain.sh found
configure:3085:   ../../config/config.guess found
configure:3085:   ../../config/config.sub found
configure:3085:   ../../config/missing found
configure:3067:   ../../config/install-sh found
configure:3268: checking for g++
configure:3289: found /usr/bin/g++
configure:3300: result: g++
configure:3327: checking for C++ compiler version
configure:3336: g++ --version >&5
Apple clang version 14.0.3 (clang-1403.0.22.14.1)
Target: arm64-apple-darwin22.4.0
Thread model: posix
InstalledDir: /Library/Developer/CommandLineTools/usr/bin
configure:3347: $? = 0
configure:3336: g++ -v >&5
Apple clang version 14.0.3 (clang-1403.0.22.14.1)
Target: arm64-apple-darwin22.4.0
Thread model: posix
InstalledDir: /Library/Developer/CommandLineTools/usr/bin
configure:3347: $? = 0
configure:3336: g++ -V >&5
clang: error: argument to '-V' is missing (expected 1 value)
clang: error: no input files
configure:3347: $? = 1
configure:3336: g++ -qversion >&5
clang: error: unknown argument '-qversion'; did you mean '--version'?
clang: error: no input files
configure:3347: $? = 1
configure:3367: checking whether the C++ compiler works
configure:3389: g++ -g -O2 -fno-math-errno -Wall -Wextra -Wpedantic   conftest.cpp  >&5
configure:3393: $? = 0
configure:3443: result: yes
configure:3446: checking for C++ compiler default output file name
configure:3448: result: a.out
configure:3454: checking for suffix of executables
configure:3461: g++ -o conftest -g -O2 -fno-math-errno -Wall -Wextra -Wpedantic   conftest.cpp  >&5
configure:3465: $? = 0
configure:3488: result: 
configure:3510: checking whether we are cross compiling
configure:3518: g++ -o conftest -g -O2 -fno-math-errno -Wall -Wextra -Wpedantic   conftest.cpp  >&5
configure:3522: $? = 0
configure:3529: ./conftest
configure:3533: $? = 0
configure:3548: result: no
configure:3553: checking for suffix of object files
configure:3576: g++ -c -g -O2 -fno-math-errno -Wall -Wextra -Wpedantic  conftest.cpp >&5
configure:3580: $? = 0
configure:3602: result: o
configure:3606: checking whether the compiler supports GNU C++
configure:3626: g++ -c -g -O2 -fno-math-errno -Wall -Wextra -Wpedantic  conftest.cpp >&5
configure:3626: $? = 0
configure:3636: result: yes
configure:3647: checking whether g++ accepts -g
configure:3668: g++ -c -g  conftest.cpp >&5
configure:3668: $? = 0
configure:3712: result: yes
configure:3732: checking for g++ option to enable C++11 features
configure:3747: g++  -c -g -O2 -fno-math-errno -Wall -Wextra -Wpedantic  conftest.cpp >&5
conftest.cpp:55:3: error: "Compiler does not advertise C++11 conformance"
# error "Compiler does not advertise C++11 conformance"
  ^
conftest.cpp:60:3: error: unknown type name 'constexpr'
  constexpr int get_val() { return 20; }
  ^
conftest.cpp:72:17: error: delegating constructors are permitted only in C++11
    delegate(): delegate(2354) {}
                ^~~~~~~~
conftest.cpp:83:26: warning: 'override' keyword is a C++11 extension [-Wc++11-extensions]
    virtual int getval() override final { return this->n * 2; }
                         ^
conftest.cpp:83:35: warning: 'final' keyword is a C++11 extension [-Wc++11-extensions]
    virtual int getval() override final { return this->n * 2; }
                                  ^
conftest.cpp:90:16: warning: defaulted function definitions are a C++11 extension [-Wc++11-extensions]
    nocopy() = default;
               ^
conftest.cpp:91:29: warning: deleted function definitions are a C++11 extension [-Wc++11-extensions]
    nocopy(const nocopy&) = delete;
                            ^
conftest.cpp:92:41: warning: deleted function definitions are a C++11 extension [-Wc++11-extensions]
    nocopy & operator=(const nocopy&) = delete;
                                        ^
conftest.cpp:104:25: warning: 'auto' type specifier is a C++11 extension [-Wc++11-extensions]
  template <typename V> auto sum(V first) -> V
                        ^
conftest.cpp:104:25: error: 'auto' not allowed in function return type
  template <typename V> auto sum(V first) -> V
                        ^~~~
conftest.cpp:104:42: error: expected ';' at end of declaration
  template <typename V> auto sum(V first) -> V
                                         ^
                                         ;
conftest.cpp:104:43: error: cannot use arrow operator on a type
  template <typename V> auto sum(V first) -> V
                                          ^
conftest.cpp:108:33: warning: variadic templates are a C++11 extension [-Wc++11-extensions]
  template <typename V, typename... Args> auto sum(V first, Args... rest) -> V
                                ^
conftest.cpp:108:43: warning: 'auto' type specifier is a C++11 extension [-Wc++11-extensions]
  template <typename V, typename... Args> auto sum(V first, Args... rest) -> V
                                          ^
conftest.cpp:108:43: error: 'auto' not allowed in function return type
  template <typename V, typename... Args> auto sum(V first, Args... rest) -> V
                                          ^~~~
conftest.cpp:108:74: error: expected ';' at end of declaration
  template <typename V, typename... Args> auto sum(V first, Args... rest) -> V
                                                                         ^
                                                                         ;
conftest.cpp:108:75: error: cannot use arrow operator on a type
  template <typename V, typename... Args> auto sum(V first, Args... rest) -> V
                                                                          ^
conftest.cpp:132:3: warning: 'auto' type specifier is a C++11 extension [-Wc++11-extensions]
  auto a1 = 6538;
  ^
conftest.cpp:133:3: warning: 'auto' type specifier is a C++11 extension [-Wc++11-extensions]
  auto a2 = 48573953.4;
  ^
conftest.cpp:134:3: warning: 'auto' type specifier is a C++11 extension [-Wc++11-extensions]
  auto a3 = "String literal";
  ^
conftest.cpp:137:8: warning: 'auto' type specifier is a C++11 extension [-Wc++11-extensions]
  for (auto i = a3; *i; ++i) { total += *i; }
       ^
conftest.cpp:132:8: warning: unused variable 'a1' [-Wunused-variable]
  auto a1 = 6538;
       ^
conftest.cpp:136:7: warning: variable 'total' set but not used [-Wunused-but-set-variable]
  int total = 0;
      ^
conftest.cpp:139:16: warning: unused variable 'a4' [-Wunused-variable]
  decltype(a2) a4 = 34895.034;
               ^
conftest.cpp:147:23: warning: unused variable 'il' [-Wunused-variable]
  cxx11test::testinit il = { 4323, 435234.23544 };
                      ^
conftest.cpp:153:8: warning: 'auto' type specifier is a C++11 extension [-Wc++11-extensions]
  for (auto &x : array) { x += 23; }
       ^
conftest.cpp:153:16: warning: range-based for loop is a C++11 extension [-Wc++11-extensions]
  for (auto &x : array) { x += 23; }
               ^
conftest.cpp:158:17: error: expected expression
  assert (eval ([](int x) { return x*2; }, 21) == 42);
                ^
conftest.cpp:160:17: error: expected expression
  assert (eval ([&](double x) { return d += x; }, 3.0) == 5.0);
                ^
conftest.cpp:162:17: error: expected expression
  assert (eval ([=](double x) mutable { return d += x; }, 4.0) == 9.0);
                ^
conftest.cpp:168:3: warning: 'auto' type specifier is a C++11 extension [-Wc++11-extensions]
  auto a = sum(1);
  ^
conftest.cpp:168:12: error: no matching function for call to 'sum'
  auto a = sum(1);
           ^~~
conftest.cpp:169:3: warning: 'auto' type specifier is a C++11 extension [-Wc++11-extensions]
  auto b = sum(1, 2);
  ^
conftest.cpp:169:12: error: no matching function for call to 'sum'
  auto b = sum(1, 2);
           ^~~
conftest.cpp:170:3: warning: 'auto' type specifier is a C++11 extension [-Wc++11-extensions]
  auto c = sum(1.0, 2.0, 3.0);
  ^
conftest.cpp:170:12: error: no matching function for call to 'sum'
  auto c = sum(1.0, 2.0, 3.0);
           ^~~
conftest.cpp:175:25: warning: empty parentheses interpreted as a function declaration [-Wvexing-parse]
  cxx11test::delegate d2();
                        ^~
conftest.cpp:175:25: note: remove parentheses to declare a variable
  cxx11test::delegate d2();
                        ^~
conftest.cpp:184:9: warning: unused variable 'c' [-Wunused-variable]
  char *c = nullptr;
        ^
conftest.cpp:188:16: error: found '<::' after a template name which forms the digraph '<:' (aka '[') and a ':', did you mean '< ::'?
  test_template<::test_template<int>> v(test_template<int>(12));
               ^~~
               < ::
conftest.cpp:188:36: error: a space is required between consecutive right angle brackets (use '> >')
  test_template<::test_template<int>> v(test_template<int>(12));
                                   ^~
                                   > >
conftest.cpp:192:22: error: use of undeclared identifier 'u8'
  char const *utf8 = u8"UTF-8 string \u2500";
                     ^
conftest.cpp:192:24: error: expected ';' at end of declaration
  char const *utf8 = u8"UTF-8 string \u2500";
                       ^
                       ;
fatal error: too many errors emitted, stopping now [-ferror-limit=]
23 warnings and 20 errors generated.
configure:3747: $? = 1
configure: failed program was:
| /* confdefs.h */
| #define PACKAGE_NAME "tesseract"
| #define PACKAGE_TARNAME "tesseract"
| #define PACKAGE_VERSION "5.3.1"
| #define PACKAGE_STRING "tesseract 5.3.1"
| #define PACKAGE_BUGREPORT "https://github.com/tesseract-ocr/tesseract/issues"
| #define PACKAGE_URL "https://github.com/tesseract-ocr/tesseract/"
| /* end confdefs.h.  */
| 
| // Does the compiler advertise C++98 conformance?
| #if !defined __cplusplus || __cplusplus < 199711L
| # error "Compiler does not advertise C++98 conformance"
| #endif
| 
| // These inclusions are to reject old compilers that
| // lack the unsuffixed header files.
| #include <cstdlib>
| #include <exception>
| 
| // <cassert> and <cstring> are *not* freestanding headers in C++98.
| extern void assert (int);
| namespace std {
|   extern int strcmp (const char *, const char *);
| }
| 
| // Namespaces, exceptions, and templates were all added after "C++ 2.0".
| using std::exception;
| using std::strcmp;
| 
| namespace {
| 
| void test_exception_syntax()
| {
|   try {
|     throw "test";
|   } catch (const char *s) {
|     // Extra parentheses suppress a warning when building autoconf itself,
|     // due to lint rules shared with more typical C programs.
|     assert (!(strcmp) (s, "test"));
|   }
| }
| 
| template <typename T> struct test_template
| {
|   T const val;
|   explicit test_template(T t) : val(t) {}
|   template <typename U> T add(U u) { return static_cast<T>(u) + val; }
| };
| 
| } // anonymous namespace
| 
| 
| // Does the compiler advertise C++ 2011 conformance?
| #if !defined __cplusplus || __cplusplus < 201103L
| # error "Compiler does not advertise C++11 conformance"
| #endif
| 
| namespace cxx11test
| {
|   constexpr int get_val() { return 20; }
| 
|   struct testinit
|   {
|     int i;
|     double d;
|   };
| 
|   class delegate
|   {
|   public:
|     delegate(int n) : n(n) {}
|     delegate(): delegate(2354) {}
| 
|     virtual int getval() { return this->n; };
|   protected:
|     int n;
|   };
| 
|   class overridden : public delegate
|   {
|   public:
|     overridden(int n): delegate(n) {}
|     virtual int getval() override final { return this->n * 2; }
|   };
| 
|   class nocopy
|   {
|   public:
|     nocopy(int i): i(i) {}
|     nocopy() = default;
|     nocopy(const nocopy&) = delete;
|     nocopy & operator=(const nocopy&) = delete;
|   private:
|     int i;
|   };
| 
|   // for testing lambda expressions
|   template <typename Ret, typename Fn> Ret eval(Fn f, Ret v)
|   {
|     return f(v);
|   }
| 
|   // for testing variadic templates and trailing return types
|   template <typename V> auto sum(V first) -> V
|   {
|     return first;
|   }
|   template <typename V, typename... Args> auto sum(V first, Args... rest) -> V
|   {
|     return first + sum(rest...);
|   }
| }
| 
| 
| int
| main (int argc, char **argv)
| {
|   int ok = 0;
|   
|   assert (argc);
|   assert (! argv[0]);
| {
|   test_exception_syntax ();
|   test_template<double> tt (2.0);
|   assert (tt.add (4) == 6.0);
|   assert (true && !false);
| }
| 
|   
| {
|   // Test auto and decltype
|   auto a1 = 6538;
|   auto a2 = 48573953.4;
|   auto a3 = "String literal";
| 
|   int total = 0;
|   for (auto i = a3; *i; ++i) { total += *i; }
| 
|   decltype(a2) a4 = 34895.034;
| }
| {
|   // Test constexpr
|   short sa[cxx11test::get_val()] = { 0 };
| }
| {
|   // Test initializer lists
|   cxx11test::testinit il = { 4323, 435234.23544 };
| }
| {
|   // Test range-based for
|   int array[] = {9, 7, 13, 15, 4, 18, 12, 10, 5, 3,
|                  14, 19, 17, 8, 6, 20, 16, 2, 11, 1};
|   for (auto &x : array) { x += 23; }
| }
| {
|   // Test lambda expressions
|   using cxx11test::eval;
|   assert (eval ([](int x) { return x*2; }, 21) == 42);
|   double d = 2.0;
|   assert (eval ([&](double x) { return d += x; }, 3.0) == 5.0);
|   assert (d == 5.0);
|   assert (eval ([=](double x) mutable { return d += x; }, 4.0) == 9.0);
|   assert (d == 5.0);
| }
| {
|   // Test use of variadic templates
|   using cxx11test::sum;
|   auto a = sum(1);
|   auto b = sum(1, 2);
|   auto c = sum(1.0, 2.0, 3.0);
| }
| {
|   // Test constructor delegation
|   cxx11test::delegate d1;
|   cxx11test::delegate d2();
|   cxx11test::delegate d3(45);
| }
| {
|   // Test override and final
|   cxx11test::overridden o1(55464);
| }
| {
|   // Test nullptr
|   char *c = nullptr;
| }
| {
|   // Test template brackets
|   test_template<::test_template<int>> v(test_template<int>(12));
| }
| {
|   // Unicode literals
|   char const *utf8 = u8"UTF-8 string \u2500";
|   char16_t const *utf16 = u"UTF-8 string \u2500";
|   char32_t const *utf32 = U"UTF-32 string \u2500";
| }
| 
|   return ok;
| }
| 
configure:3765: result: none needed
configure:3863: checking for a BSD-compatible install
configure:3936: result: /usr/bin/install -c
configure:3947: checking whether build environment is sane
configure:4002: result: yes
configure:4161: checking for a race-free mkdir -p
configure:4205: result: ../../config/install-sh -c -d
configure:4212: checking for gawk
configure:4247: result: no
configure:4212: checking for mawk
configure:4247: result: no
configure:4212: checking for nawk
configure:4247: result: no
configure:4212: checking for awk
configure:4233: found /usr/bin/awk
configure:4244: result: awk
configure:4255: checking whether make sets $(MAKE)
configure:4278: result: yes
configure:4300: checking whether make supports the include directive
configure:4315: make -f confmf.GNU && cat confinc.out
this is the am__doit target
configure:4318: $? = 0
configure:4337: result: yes (GNU style)
configure:4372: checking whether make supports nested variables
configure:4390: result: yes
configure:4471: checking dependency style of g++
configure:4583: result: gcc3
configure:4706: checking for a sed that does not truncate output
configure:4776: result: /usr/bin/sed
configure:4786: checking Major version
configure:4788: result: 5
configure:4790: checking Minor version
configure:4792: result: 3
configure:4794: checking Point version
configure:4796: result: 1
configure:4856: checking whether make supports nested variables
configure:4874: result: yes
configure:4899: checking build system type
configure:4914: result: aarch64-apple-darwin22.4.0
configure:4934: checking host system type
configure:4948: result: aarch64-apple-darwin22.4.0
configure:5055: checking whether C++ compiler accepts -Werror=unused-command-line-argument
configure:5075: g++ -c -g -O2 -fno-math-errno -Wall -Wextra -Wpedantic  -Werror=unused-command-line-argument  conftest.cpp >&5
configure:5075: $? = 0
configure:5084: result: yes
configure:5506: checking for feenableexcept
configure:5506: g++ -o conftest -g -O2 -fno-math-errno -Wall -Wextra -Wpedantic   conftest.cpp  >&5
Undefined symbols for architecture arm64:
  "_feenableexcept", referenced from:
      _main in conftest-75ab28.o
ld: symbol(s) not found for architecture arm64
clang: error: linker command failed with exit code 1 (use -v to see invocation)
configure:5506: $? = 1
configure: failed program was:
| /* confdefs.h */
| #define PACKAGE_NAME "tesseract"
| #define PACKAGE_TARNAME "tesseract"
| #define PACKAGE_VERSION "5.3.1"
| #define PACKAGE_STRING "tesseract 5.3.1"
| #define PACKAGE_BUGREPORT "https://github.com/tesseract-ocr/tesseract/issues"
| #define PACKAGE_URL "https://github.com/tesseract-ocr/tesseract/"
| #define PACKAGE "tesseract"
| #define VERSION "5.3.1"
| #define PACKAGE_NAME "tesseract"
| #define PACKAGE_VERSION "5.3.1"
| #define PACKAGE_YEAR "2023"
| #define PACKAGE_DATE "04/01"
| #define HAVE_NEON 1
| /* end confdefs.h.  */
| /* Define feenableexcept to an innocuous variant, in case <limits.h> declares feenableexcept.
|    For example, HP-UX 11i <limits.h> declares gettimeofday.  */
| #define feenableexcept innocuous_feenableexcept
| 
| /* System header to define __stub macros and hopefully few prototypes,
|    which can conflict with char feenableexcept (); below.  */
| 
| #include <limits.h>
| #undef feenableexcept
| 
| /* Override any GCC internal prototype to avoid an error.
|    Use char because int might match the return type of a GCC
|    builtin and then its argument prototype would still apply.  */
| #ifdef __cplusplus
| extern "C"
| #endif
| char feenableexcept ();
| /* The GNU C library defines this for functions which it implements
|     to always fail with ENOSYS.  Some functions are actually named
|     something starting with __ and the normal name is an alias.  */
| #if defined __stub_feenableexcept || defined __stub___feenableexcept
| choke me
| #endif
| 
| int
| main (void)
| {
| return feenableexcept ();
|   ;
|   return 0;
| }
configure:5506: result: no
configure:5545: checking whether C++ compiler accepts -fopenmp-simd
configure:5565: g++ -c -g -O2 -fno-math-errno -Wall -Wextra -Wpedantic -Werror=unused-command-line-argument -fopenmp-simd  conftest.cpp >&5
configure:5565: $? = 0
configure:5575: result: yes
configure:5617: checking --enable-float32 argument
configure:5625: result: 
configure:5633: checking --enable-graphics argument
configure:5641: result: 
configure:5657: checking --enable-legacy argument
configure:5665: result: 
configure:5766: checking for stdio.h
configure:5766: g++ -c -g -O2 -fno-math-errno -Wall -Wextra -Wpedantic  conftest.cpp >&5
configure:5766: $? = 0
configure:5766: result: yes
configure:5766: checking for stdlib.h
configure:5766: g++ -c -g -O2 -fno-math-errno -Wall -Wextra -Wpedantic  conftest.cpp >&5
configure:5766: $? = 0
configure:5766: result: yes
configure:5766: checking for string.h
configure:5766: g++ -c -g -O2 -fno-math-errno -Wall -Wextra -Wpedantic  conftest.cpp >&5
configure:5766: $? = 0
configure:5766: result: yes
configure:5766: checking for inttypes.h
configure:5766: g++ -c -g -O2 -fno-math-errno -Wall -Wextra -Wpedantic  conftest.cpp >&5
configure:5766: $? = 0
configure:5766: result: yes
configure:5766: checking for stdint.h
configure:5766: g++ -c -g -O2 -fno-math-errno -Wall -Wextra -Wpedantic  conftest.cpp >&5
configure:5766: $? = 0
configure:5766: result: yes
configure:5766: checking for strings.h
configure:5766: g++ -c -g -O2 -fno-math-errno -Wall -Wextra -Wpedantic  conftest.cpp >&5
configure:5766: $? = 0
configure:5766: result: yes
configure:5766: checking for sys/stat.h
configure:5766: g++ -c -g -O2 -fno-math-errno -Wall -Wextra -Wpedantic  conftest.cpp >&5
configure:5766: $? = 0
configure:5766: result: yes
configure:5766: checking for sys/types.h
configure:5766: g++ -c -g -O2 -fno-math-errno -Wall -Wextra -Wpedantic  conftest.cpp >&5
configure:5766: $? = 0
configure:5766: result: yes
configure:5766: checking for unistd.h
configure:5766: g++ -c -g -O2 -fno-math-errno -Wall -Wextra -Wpedantic  conftest.cpp >&5
configure:5766: $? = 0
configure:5766: result: yes
configure:5793: checking for tiffio.h
configure:5793: g++ -c -g -O2 -fno-math-errno -Wall -Wextra -Wpedantic  conftest.cpp >&5
conftest.cpp:55:10: fatal error: 'tiffio.h' file not found
#include <tiffio.h>
         ^~~~~~~~~~
1 error generated.
configure:5793: $? = 1
configure: failed program was:
| /* confdefs.h */
| #define PACKAGE_NAME "tesseract"
| #define PACKAGE_TARNAME "tesseract"
| #define PACKAGE_VERSION "5.3.1"
| #define PACKAGE_STRING "tesseract 5.3.1"
| #define PACKAGE_BUGREPORT "https://github.com/tesseract-ocr/tesseract/issues"
| #define PACKAGE_URL "https://github.com/tesseract-ocr/tesseract/"
| #define PACKAGE "tesseract"
| #define VERSION "5.3.1"
| #define PACKAGE_NAME "tesseract"
| #define PACKAGE_VERSION "5.3.1"
| #define PACKAGE_YEAR "2023"
| #define PACKAGE_DATE "04/01"
| #define HAVE_NEON 1
| #define FAST_FLOAT 1
| #define HAVE_STDIO_H 1
| #define HAVE_STDLIB_H 1
| #define HAVE_STRING_H 1
| #define HAVE_INTTYPES_H 1
| #define HAVE_STDINT_H 1
| #define HAVE_STRINGS_H 1
| #define HAVE_SYS_STAT_H 1
| #define HAVE_SYS_TYPES_H 1
| #define HAVE_UNISTD_H 1
| #define STDC_HEADERS 1
| /* end confdefs.h.  */
| #include <stddef.h>
| #ifdef HAVE_STDIO_H
| # include <stdio.h>
| #endif
| #ifdef HAVE_STDLIB_H
| # include <stdlib.h>
| #endif
| #ifdef HAVE_STRING_H
| # include <string.h>
| #endif
| #ifdef HAVE_INTTYPES_H
| # include <inttypes.h>
| #endif
| #ifdef HAVE_STDINT_H
| # include <stdint.h>
| #endif
| #ifdef HAVE_STRINGS_H
| # include <strings.h>
| #endif
| #ifdef HAVE_SYS_TYPES_H
| # include <sys/types.h>
| #endif
| #ifdef HAVE_SYS_STAT_H
| # include <sys/stat.h>
| #endif
| #ifdef HAVE_UNISTD_H
| # include <unistd.h>
| #endif
| #include <tiffio.h>
configure:5793: result: no
configure:5805: checking --enable-opencl argument
configure:5813: result: 
configure:5888: checking for tensorflow/core/framework/graph.pb.h
configure:5888: g++ -c -g -O2 -fno-math-errno -Wall -Wextra -Wpedantic  conftest.cpp >&5
conftest.cpp:55:10: fatal error: 'tensorflow/core/framework/graph.pb.h' file not found
#include <tensorflow/core/framework/graph.pb.h>
         ^~~~~~~~~~~~~~~~~~~~~~~~~~~~~~~~~~~~~~
1 error generated.
configure:5888: $? = 1
configure: failed program was:
| /* confdefs.h */
| #define PACKAGE_NAME "tesseract"
| #define PACKAGE_TARNAME "tesseract"
| #define PACKAGE_VERSION "5.3.1"
| #define PACKAGE_STRING "tesseract 5.3.1"
| #define PACKAGE_BUGREPORT "https://github.com/tesseract-ocr/tesseract/issues"
| #define PACKAGE_URL "https://github.com/tesseract-ocr/tesseract/"
| #define PACKAGE "tesseract"
| #define VERSION "5.3.1"
| #define PACKAGE_NAME "tesseract"
| #define PACKAGE_VERSION "5.3.1"
| #define PACKAGE_YEAR "2023"
| #define PACKAGE_DATE "04/01"
| #define HAVE_NEON 1
| #define FAST_FLOAT 1
| #define HAVE_STDIO_H 1
| #define HAVE_STDLIB_H 1
| #define HAVE_STRING_H 1
| #define HAVE_INTTYPES_H 1
| #define HAVE_STDINT_H 1
| #define HAVE_STRINGS_H 1
| #define HAVE_SYS_STAT_H 1
| #define HAVE_SYS_TYPES_H 1
| #define HAVE_UNISTD_H 1
| #define STDC_HEADERS 1
| /* end confdefs.h.  */
| #include <stddef.h>
| #ifdef HAVE_STDIO_H
| # include <stdio.h>
| #endif
| #ifdef HAVE_STDLIB_H
| # include <stdlib.h>
| #endif
| #ifdef HAVE_STRING_H
| # include <string.h>
| #endif
| #ifdef HAVE_INTTYPES_H
| # include <inttypes.h>
| #endif
| #ifdef HAVE_STDINT_H
| # include <stdint.h>
| #endif
| #ifdef HAVE_STRINGS_H
| # include <strings.h>
| #endif
| #ifdef HAVE_SYS_TYPES_H
| # include <sys/types.h>
| #endif
| #ifdef HAVE_SYS_STAT_H
| # include <sys/stat.h>
| #endif
| #ifdef HAVE_UNISTD_H
| # include <unistd.h>
| #endif
| #include <tensorflow/core/framework/graph.pb.h>
configure:5888: result: no
configure:5925: checking if -framework Accelerate works
configure:5944: g++ -o conftest -g -O2 -fno-math-errno -Wall -Wextra -Wpedantic   conftest.cpp  -framework Accelerate >&5
configure:5944: $? = 0
configure:5955: result: yes
configure:5969: checking if -framework OpenCL works
configure:5988: g++ -o conftest -g -O2 -fno-math-errno -Wall -Wextra -Wpedantic   conftest.cpp  -framework OpenCL >&5
configure:5988: $? = 0
configure:5999: result: yes
configure:6088: checking --enable-visibility argument
configure:6096: result: 
configure:6108: checking whether to use tessdata-prefix
configure:6118: result: yes
configure:6131: checking if compiling with clang
configure:6148: g++ -c -g -O2 -fno-math-errno -Wall -Wextra -Wpedantic  conftest.cpp >&5
configure:6148: $? = 0
configure:6155: result: yes
configure:6159: checking whether to enable debugging
configure:6167: result: 
configure:6238: checking how to print strings
configure:6265: result: printf
configure:6348: checking for gcc
configure:6369: found /usr/bin/gcc
configure:6380: result: gcc
configure:6733: checking for C compiler version
configure:6742: gcc --version >&5
Apple clang version 14.0.3 (clang-1403.0.22.14.1)
Target: arm64-apple-darwin22.4.0
Thread model: posix
InstalledDir: /Library/Developer/CommandLineTools/usr/bin
configure:6753: $? = 0
configure:6742: gcc -v >&5
Apple clang version 14.0.3 (clang-1403.0.22.14.1)
Target: arm64-apple-darwin22.4.0
Thread model: posix
InstalledDir: /Library/Developer/CommandLineTools/usr/bin
configure:6753: $? = 0
configure:6742: gcc -V >&5
clang: error: argument to '-V' is missing (expected 1 value)
clang: error: no input files
configure:6753: $? = 1
configure:6742: gcc -qversion >&5
clang: error: unknown argument '-qversion'; did you mean '--version'?
clang: error: no input files
configure:6753: $? = 1
configure:6742: gcc -version >&5
clang: error: unknown argument '-version'; did you mean '--version'?
clang: error: no input files
configure:6753: $? = 1
configure:6757: checking whether the compiler supports GNU C
configure:6777: gcc -c   conftest.c >&5
configure:6777: $? = 0
configure:6787: result: yes
configure:6798: checking whether gcc accepts -g
configure:6819: gcc -c -g  conftest.c >&5
configure:6819: $? = 0
configure:6863: result: yes
configure:6883: checking for gcc option to enable C11 features
configure:6898: gcc  -c -g -O2  conftest.c >&5
conftest.c:43:14: warning: a function declaration without a prototype is deprecated in all versions of C and is not supported in C2x [-Wdeprecated-non-prototype]
static char *e (p, i)
             ^
1 warning generated.
configure:6898: $? = 0
configure:6916: result: none needed
configure:7032: checking whether gcc understands -c and -o together
configure:7055: gcc -c conftest.c -o conftest2.o
configure:7058: $? = 0
configure:7055: gcc -c conftest.c -o conftest2.o
configure:7058: $? = 0
configure:7070: result: yes
configure:7089: checking dependency style of gcc
configure:7201: result: gcc3
configure:7216: checking for a sed that does not truncate output
configure:7286: result: /usr/bin/sed
configure:7304: checking for grep that handles long lines and -e
configure:7368: result: /usr/bin/grep
configure:7373: checking for egrep
configure:7441: result: /usr/bin/grep -E
configure:7446: checking for fgrep
configure:7514: result: /usr/bin/grep -F
configure:7550: checking for ld used by gcc
configure:7618: result: /Library/Developer/CommandLineTools/usr/bin/ld
configure:7625: checking if the linker (/Library/Developer/CommandLineTools/usr/bin/ld) is GNU ld
configure:7641: result: no
configure:7653: checking for BSD- or MS-compatible name lister (nm)
configure:7708: result: /usr/bin/nm -B
configure:7848: checking the name lister (/usr/bin/nm -B) interface
configure:7856: g++ -c -g -O2 -fno-math-errno -Wall -Wextra -Wpedantic  conftest.cpp >&5
configure:7859: /usr/bin/nm -B "conftest.o"
configure:7862: output
000000000000025c S _some_variable
0000000000000000 t ltmp0
000000000000025c s ltmp1
configure:7869: result: BSD nm
configure:7872: checking whether ln -s works
configure:7876: result: yes
configure:7884: checking the maximum length of command line arguments
configure:8016: result: 786432
configure:8064: checking how to convert aarch64-apple-darwin22.4.0 file names to aarch64-apple-darwin22.4.0 format
configure:8105: result: func_convert_file_noop
configure:8112: checking how to convert aarch64-apple-darwin22.4.0 file names to toolchain format
configure:8133: result: func_convert_file_noop
configure:8140: checking for /Library/Developer/CommandLineTools/usr/bin/ld option to reload object files
configure:8148: result: -r
configure:8227: checking for file
configure:8248: found /usr/bin/file
configure:8259: result: file
configure:8335: checking for objdump
configure:8356: found /usr/bin/objdump
configure:8367: result: objdump
configure:8399: checking how to recognize dependent libraries
configure:8600: result: pass_all
configure:8690: checking for dlltool
configure:8725: result: no
configure:8755: checking how to associate runtime and link libraries
configure:8783: result: printf %s\n
configure:8848: checking for ar
configure:8869: found /usr/bin/ar
configure:8880: result: ar
configure:8933: checking for archiver @FILE support
configure:8951: g++ -c -g -O2 -fno-math-errno -Wall -Wextra -Wpedantic  conftest.cpp >&5
configure:8951: $? = 0
configure:8955: ar cr libconftest.a @conftest.lst >&5
ar: @conftest.lst: No such file or directory
configure:8958: $? = 1
configure:8978: result: no
configure:9041: checking for strip
configure:9062: found /usr/bin/strip
configure:9073: result: strip
configure:9150: checking for ranlib
configure:9171: found /usr/bin/ranlib
configure:9182: result: ranlib
configure:9284: checking command to parse /usr/bin/nm -B output from gcc object
configure:9438: g++ -c -g -O2 -fno-math-errno -Wall -Wextra -Wpedantic  conftest.cpp >&5
configure:9441: $? = 0
configure:9445: /usr/bin/nm -B conftest.o \| /usr/bin/sed -n -e 's/^.*[ ]\([ABCDGIRSTW][ABCDGIRSTW]*\)[ ][ ]*\([_A-Za-z][_A-Za-z0-9]*\)$/\1 \2 \2/p' | /usr/bin/sed '/ __gnu_lto/d' \> conftest.nm
configure:9448: $? = 0
cannot find nm_test_var in conftest.nm
configure:9438: g++ -c -g -O2 -fno-math-errno -Wall -Wextra -Wpedantic  conftest.cpp >&5
configure:9441: $? = 0
configure:9445: /usr/bin/nm -B conftest.o \| /usr/bin/sed -n -e 's/^.*[ ]\([ABCDGIRSTW][ABCDGIRSTW]*\)[ ][ ]*_\([_A-Za-z][_A-Za-z0-9]*\)$/\1 _\2 \2/p' | /usr/bin/sed '/ __gnu_lto/d' \> conftest.nm
configure:9448: $? = 0
configure:9514: g++ -o conftest -g -O2 -fno-math-errno -Wall -Wextra -Wpedantic   conftest.cpp conftstm.o >&5
conftest.cpp:29:20: warning: cast between pointer-to-function and pointer-to-object is an extension [-Wpedantic]
  {"nm_test_func", (void *) &nm_test_func},
                   ^~~~~~~~~~~~~~~~~~~~~~
conftest.cpp:25:1: warning: unused variable 'lt__PROGRAM__LTX_preloaded_symbols' [-Wunused-const-variable]
lt__PROGRAM__LTX_preloaded_symbols[] =
^
2 warnings generated.
configure:9517: $? = 0
configure:9555: result: ok
configure:9602: checking for sysroot
configure:9633: result: no
configure:9640: checking for a working dd
configure:9684: result: /bin/dd
configure:9688: checking how to truncate binary pipes
configure:9704: result: /bin/dd bs=4096 count=1
configure:10042: checking for mt
configure:10077: result: no
configure:10097: checking if : is a manifest tool
configure:10104: : '-?'
configure:10112: result: no
configure:10173: checking for dsymutil
configure:10194: found /usr/bin/dsymutil
configure:10205: result: dsymutil
configure:10275: checking for nmedit
configure:10296: found /usr/bin/nmedit
configure:10307: result: nmedit
configure:10377: checking for lipo
configure:10398: found /usr/bin/lipo
configure:10409: result: lipo
configure:10479: checking for otool
configure:10500: found /usr/bin/otool
configure:10511: result: otool
configure:10581: checking for otool64
configure:10616: result: no
configure:10661: checking for -single_module linker flag
gcc -g -O2  -o libconftest.dylib -dynamiclib -Wl,-single_module conftest.c
configure:10695: result: yes
configure:10698: checking for -exported_symbols_list linker flag
configure:10719: g++ -o conftest -g -O2 -fno-math-errno -Wall -Wextra -Wpedantic   -Wl,-exported_symbols_list,conftest.sym conftest.cpp  >&5
configure:10719: $? = 0
configure:10730: result: yes
configure:10733: checking for -force_load linker flag
gcc -g -O2 -c -o conftest.o conftest.c
ar cr libconftest.a conftest.o
ranlib libconftest.a
gcc -g -O2  -o conftest conftest.c -Wl,-force_load,./libconftest.a
configure:10766: result: yes
configure:10833: checking for dlfcn.h
configure:10833: g++ -c -g -O2 -fno-math-errno -Wall -Wextra -Wpedantic  conftest.cpp >&5
configure:10833: $? = 0
configure:10833: result: yes
configure:11102: checking for objdir
configure:11118: result: .libs
configure:11382: checking if gcc supports -fno-rtti -fno-exceptions
configure:11401: gcc -c -g -O2  -fno-rtti -fno-exceptions conftest.c >&5
configure:11405: $? = 0
configure:11418: result: yes
configure:11776: checking for gcc option to produce PIC
configure:11784: result: -fno-common -DPIC
configure:11792: checking if gcc PIC flag -fno-common -DPIC works
configure:11811: gcc -c -g -O2  -fno-common -DPIC -DPIC conftest.c >&5
configure:11815: $? = 0
configure:11828: result: yes
configure:11857: checking if gcc static flag -static works
configure:11886: result: no
configure:11901: checking if gcc supports -c -o file.o
configure:11923: gcc -c -g -O2  -o out/conftest2.o conftest.c >&5
configure:11927: $? = 0
configure:11949: result: yes
configure:11957: checking if gcc supports -c -o file.o
configure:12005: result: yes
configure:12038: checking whether the gcc linker (/Library/Developer/CommandLineTools/usr/bin/ld) supports shared libraries
configure:13306: result: yes
configure:13547: checking dynamic linker characteristics
configure:14368: result: darwin22.4.0 dyld
configure:14490: checking how to hardcode library paths into programs
configure:14515: result: immediate
configure:15067: checking whether stripping libraries is possible
configure:15084: result: yes
configure:15118: checking if libtool supports shared libraries
configure:15120: result: yes
configure:15123: checking whether to build shared libraries
configure:15148: result: no
configure:15151: checking whether to build static libraries
configure:15155: result: yes
configure:15178: checking how to run the C++ preprocessor
configure:15200: g++ -E  conftest.cpp
configure:15200: $? = 0
configure:15215: g++ -E  conftest.cpp
conftest.cpp:31:10: fatal error: 'ac_nonexistent.h' file not found
#include <ac_nonexistent.h>
         ^~~~~~~~~~~~~~~~~~
1 error generated.
configure:15215: $? = 1
configure: failed program was:
| /* confdefs.h */
| #define PACKAGE_NAME "tesseract"
| #define PACKAGE_TARNAME "tesseract"
| #define PACKAGE_VERSION "5.3.1"
| #define PACKAGE_STRING "tesseract 5.3.1"
| #define PACKAGE_BUGREPORT "https://github.com/tesseract-ocr/tesseract/issues"
| #define PACKAGE_URL "https://github.com/tesseract-ocr/tesseract/"
| #define PACKAGE "tesseract"
| #define VERSION "5.3.1"
| #define PACKAGE_NAME "tesseract"
| #define PACKAGE_VERSION "5.3.1"
| #define PACKAGE_YEAR "2023"
| #define PACKAGE_DATE "04/01"
| #define HAVE_NEON 1
| #define FAST_FLOAT 1
| #define HAVE_STDIO_H 1
| #define HAVE_STDLIB_H 1
| #define HAVE_STRING_H 1
| #define HAVE_INTTYPES_H 1
| #define HAVE_STDINT_H 1
| #define HAVE_STRINGS_H 1
| #define HAVE_SYS_STAT_H 1
| #define HAVE_SYS_TYPES_H 1
| #define HAVE_UNISTD_H 1
| #define STDC_HEADERS 1
| #define HAVE_FRAMEWORK_ACCELERATE 1
| #define HAVE_FRAMEWORK_OPENCL 1
| #define HAVE_DLFCN_H 1
| #define LT_OBJDIR ".libs/"
| /* end confdefs.h.  */
| #include <ac_nonexistent.h>
configure:15242: result: g++ -E
configure:15256: g++ -E  conftest.cpp
configure:15256: $? = 0
configure:15271: g++ -E  conftest.cpp
conftest.cpp:31:10: fatal error: 'ac_nonexistent.h' file not found
#include <ac_nonexistent.h>
         ^~~~~~~~~~~~~~~~~~
1 error generated.
configure:15271: $? = 1
configure: failed program was:
| /* confdefs.h */
| #define PACKAGE_NAME "tesseract"
| #define PACKAGE_TARNAME "tesseract"
| #define PACKAGE_VERSION "5.3.1"
| #define PACKAGE_STRING "tesseract 5.3.1"
| #define PACKAGE_BUGREPORT "https://github.com/tesseract-ocr/tesseract/issues"
| #define PACKAGE_URL "https://github.com/tesseract-ocr/tesseract/"
| #define PACKAGE "tesseract"
| #define VERSION "5.3.1"
| #define PACKAGE_NAME "tesseract"
| #define PACKAGE_VERSION "5.3.1"
| #define PACKAGE_YEAR "2023"
| #define PACKAGE_DATE "04/01"
| #define HAVE_NEON 1
| #define FAST_FLOAT 1
| #define HAVE_STDIO_H 1
| #define HAVE_STDLIB_H 1
| #define HAVE_STRING_H 1
| #define HAVE_INTTYPES_H 1
| #define HAVE_STDINT_H 1
| #define HAVE_STRINGS_H 1
| #define HAVE_SYS_STAT_H 1
| #define HAVE_SYS_TYPES_H 1
| #define HAVE_UNISTD_H 1
| #define STDC_HEADERS 1
| #define HAVE_FRAMEWORK_ACCELERATE 1
| #define HAVE_FRAMEWORK_OPENCL 1
| #define HAVE_DLFCN_H 1
| #define LT_OBJDIR ".libs/"
| /* end confdefs.h.  */
| #include <ac_nonexistent.h>
configure:15436: checking for ld used by g++
configure:15504: result: /Library/Developer/CommandLineTools/usr/bin/ld
configure:15511: checking if the linker (/Library/Developer/CommandLineTools/usr/bin/ld) is GNU ld
configure:15527: result: no
configure:15582: checking whether the g++ linker (/Library/Developer/CommandLineTools/usr/bin/ld) supports shared libraries
configure:16660: result: yes
configure:16696: g++ -c -g -O2 -fno-math-errno -Wall -Wextra -Wpedantic  conftest.cpp >&5
configure:16699: $? = 0
configure:17180: checking for g++ option to produce PIC
configure:17188: result: -fno-common -DPIC
configure:17196: checking if g++ PIC flag -fno-common -DPIC works
configure:17215: g++ -c -g -O2 -fno-math-errno -Wall -Wextra -Wpedantic  -fno-common -DPIC -DPIC conftest.cpp >&5
configure:17219: $? = 0
configure:17232: result: yes
configure:17255: checking if g++ static flag -static works
configure:17284: result: no
configure:17296: checking if g++ supports -c -o file.o
configure:17318: g++ -c -g -O2 -fno-math-errno -Wall -Wextra -Wpedantic  -o out/conftest2.o conftest.cpp >&5
configure:17322: $? = 0
configure:17344: result: yes
configure:17349: checking if g++ supports -c -o file.o
configure:17397: result: yes
configure:17427: checking whether the g++ linker (/Library/Developer/CommandLineTools/usr/bin/ld) supports shared libraries
configure:17467: result: yes
configure:17609: checking dynamic linker characteristics
configure:18357: result: darwin22.4.0 dyld
configure:18422: checking how to hardcode library paths into programs
configure:18447: result: immediate
configure:18516: checking whether C++ compiler accepts -std=c++17
configure:18536: g++ -c -g -O2 -fno-math-errno -Wall -Wextra -Wpedantic -Werror=unused-command-line-argument -std=c++17  conftest.cpp >&5
configure:18536: $? = 0
configure:18546: result: yes
configure:18556: checking whether C++ compiler accepts -std=c++20
configure:18576: g++ -c -g -O2 -fno-math-errno -Wall -Wextra -Wpedantic -Werror=unused-command-line-argument -std=c++20  conftest.cpp >&5
configure:18576: $? = 0
configure:18586: result: yes
configure:18622: checking for library containing pthread_create
configure:18651: g++ -o conftest -g -O2 -fno-math-errno -Wall -Wextra -Wpedantic -std=c++20   conftest.cpp  >&5
configure:18651: $? = 0
configure:18671: result: none required
configure:18684: checking for brew
configure:18705: found /opt/homebrew/bin/brew
configure:18717: result: true
configure:18764: checking for asciidoc
configure:18797: result: false
configure:18807: checking for xsltproc
configure:18828: found /usr/bin/xsltproc
configure:18840: result: true
configure:18896: checking for wchar_t
configure:18896: g++ -c -g -O2 -fno-math-errno -Wall -Wextra -Wpedantic -std=c++20  conftest.cpp >&5
configure:18896: $? = 0
configure:18896: g++ -c -g -O2 -fno-math-errno -Wall -Wextra -Wpedantic -std=c++20  conftest.cpp >&5
conftest.cpp:36:22: error: expected expression
if (sizeof ((wchar_t)))
                     ^
1 error generated.
configure:18896: $? = 1
configure: failed program was:
| /* confdefs.h */
| #define PACKAGE_NAME "tesseract"
| #define PACKAGE_TARNAME "tesseract"
| #define PACKAGE_VERSION "5.3.1"
| #define PACKAGE_STRING "tesseract 5.3.1"
| #define PACKAGE_BUGREPORT "https://github.com/tesseract-ocr/tesseract/issues"
| #define PACKAGE_URL "https://github.com/tesseract-ocr/tesseract/"
| #define PACKAGE "tesseract"
| #define VERSION "5.3.1"
| #define PACKAGE_NAME "tesseract"
| #define PACKAGE_VERSION "5.3.1"
| #define PACKAGE_YEAR "2023"
| #define PACKAGE_DATE "04/01"
| #define HAVE_NEON 1
| #define FAST_FLOAT 1
| #define HAVE_STDIO_H 1
| #define HAVE_STDLIB_H 1
| #define HAVE_STRING_H 1
| #define HAVE_INTTYPES_H 1
| #define HAVE_STDINT_H 1
| #define HAVE_STRINGS_H 1
| #define HAVE_SYS_STAT_H 1
| #define HAVE_SYS_TYPES_H 1
| #define HAVE_UNISTD_H 1
| #define STDC_HEADERS 1
| #define HAVE_FRAMEWORK_ACCELERATE 1
| #define HAVE_FRAMEWORK_OPENCL 1
| #define HAVE_DLFCN_H 1
| #define LT_OBJDIR ".libs/"
| /* end confdefs.h.  */
| #include "wchar.h"
| 
| int
| main (void)
| {
| if (sizeof ((wchar_t)))
| 	    return 0;
|   ;
|   return 0;
| }
configure:18896: result: yes
configure:18906: checking for long long int
configure:18906: g++ -c -g -O2 -fno-math-errno -Wall -Wextra -Wpedantic -std=c++20  conftest.cpp >&5
configure:18906: $? = 0
configure:18906: g++ -c -g -O2 -fno-math-errno -Wall -Wextra -Wpedantic -std=c++20  conftest.cpp >&5
conftest.cpp:63:28: error: expected expression
if (sizeof ((long long int)))
                           ^
1 error generated.
configure:18906: $? = 1
configure: failed program was:
| /* confdefs.h */
| #define PACKAGE_NAME "tesseract"
| #define PACKAGE_TARNAME "tesseract"
| #define PACKAGE_VERSION "5.3.1"
| #define PACKAGE_STRING "tesseract 5.3.1"
| #define PACKAGE_BUGREPORT "https://github.com/tesseract-ocr/tesseract/issues"
| #define PACKAGE_URL "https://github.com/tesseract-ocr/tesseract/"
| #define PACKAGE "tesseract"
| #define VERSION "5.3.1"
| #define PACKAGE_NAME "tesseract"
| #define PACKAGE_VERSION "5.3.1"
| #define PACKAGE_YEAR "2023"
| #define PACKAGE_DATE "04/01"
| #define HAVE_NEON 1
| #define FAST_FLOAT 1
| #define HAVE_STDIO_H 1
| #define HAVE_STDLIB_H 1
| #define HAVE_STRING_H 1
| #define HAVE_INTTYPES_H 1
| #define HAVE_STDINT_H 1
| #define HAVE_STRINGS_H 1
| #define HAVE_SYS_STAT_H 1
| #define HAVE_SYS_TYPES_H 1
| #define HAVE_UNISTD_H 1
| #define STDC_HEADERS 1
| #define HAVE_FRAMEWORK_ACCELERATE 1
| #define HAVE_FRAMEWORK_OPENCL 1
| #define HAVE_DLFCN_H 1
| #define LT_OBJDIR ".libs/"
| #define HAVE_WCHAR_T 1
| /* end confdefs.h.  */
| #include <stddef.h>
| #ifdef HAVE_STDIO_H
| # include <stdio.h>
| #endif
| #ifdef HAVE_STDLIB_H
| # include <stdlib.h>
| #endif
| #ifdef HAVE_STRING_H
| # include <string.h>
| #endif
| #ifdef HAVE_INTTYPES_H
| # include <inttypes.h>
| #endif
| #ifdef HAVE_STDINT_H
| # include <stdint.h>
| #endif
| #ifdef HAVE_STRINGS_H
| # include <strings.h>
| #endif
| #ifdef HAVE_SYS_TYPES_H
| # include <sys/types.h>
| #endif
| #ifdef HAVE_SYS_STAT_H
| # include <sys/stat.h>
| #endif
| #ifdef HAVE_UNISTD_H
| # include <unistd.h>
| #endif
| int
| main (void)
| {
| if (sizeof ((long long int)))
| 	    return 0;
|   ;
|   return 0;
| }
configure:18906: result: yes
configure:18987: checking for pkg-config
configure:19010: found /opt/homebrew/bin/pkg-config
configure:19022: result: /opt/homebrew/bin/pkg-config
configure:19047: checking pkg-config is at least version 0.9.0
configure:19050: result: yes
configure:19063: checking for libcurl
configure:19070: $PKG_CONFIG --exists --print-errors "libcurl"
configure:19073: $? = 0
configure:19087: $PKG_CONFIG --exists --print-errors "libcurl"
configure:19090: $? = 0
configure:19128: result: yes
configure:19160: checking for lept >= 1.74
configure:19167: $PKG_CONFIG --exists --print-errors "lept >= 1.74"
configure:19170: $? = 0
configure:19184: $PKG_CONFIG --exists --print-errors "lept >= 1.74"
configure:19187: $? = 0
configure:19225: result: yes
configure:19248: checking for libarchive
configure:19255: $PKG_CONFIG --exists --print-errors "libarchive"
Package libarchive was not found in the pkg-config search path.
Perhaps you should add the directory containing `libarchive.pc'
to the PKG_CONFIG_PATH environment variable
No package 'libarchive' found
configure:19258: $? = 1
configure:19272: $PKG_CONFIG --exists --print-errors "libarchive"
Package libarchive was not found in the pkg-config search path.
Perhaps you should add the directory containing `libarchive.pc'
to the PKG_CONFIG_PATH environment variable
No package 'libarchive' found
configure:19275: $? = 1
configure:19289: result: no
No package 'libarchive' found
configure:19356: checking for icu-uc >= 52.1
configure:19363: $PKG_CONFIG --exists --print-errors "icu-uc >= 52.1"
configure:19366: $? = 0
configure:19380: $PKG_CONFIG --exists --print-errors "icu-uc >= 52.1"
configure:19383: $? = 0
configure:19421: result: yes
configure:19427: checking for icu-i18n >= 52.1
configure:19434: $PKG_CONFIG --exists --print-errors "icu-i18n >= 52.1"
configure:19437: $? = 0
configure:19451: $PKG_CONFIG --exists --print-errors "icu-i18n >= 52.1"
configure:19454: $? = 0
configure:19492: result: yes
configure:19516: checking for pango >= 1.38.0
configure:19523: $PKG_CONFIG --exists --print-errors "pango >= 1.38.0"
configure:19526: $? = 0
configure:19540: $PKG_CONFIG --exists --print-errors "pango >= 1.38.0"
configure:19543: $? = 0
configure:19581: result: yes
configure:19605: checking for cairo
configure:19612: $PKG_CONFIG --exists --print-errors "cairo"
configure:19615: $? = 0
configure:19629: $PKG_CONFIG --exists --print-errors "cairo"
configure:19632: $? = 0
configure:19670: result: yes
configure:19691: checking for pangocairo
configure:19698: $PKG_CONFIG --exists --print-errors "pangocairo"
configure:19701: $? = 0
configure:19715: $PKG_CONFIG --exists --print-errors "pangocairo"
configure:19718: $? = 0
configure:19756: result: yes
configure:19762: checking for pangoft2
configure:19769: $PKG_CONFIG --exists --print-errors "pangoft2"
configure:19772: $? = 0
configure:19786: $PKG_CONFIG --exists --print-errors "pangoft2"
configure:19789: $? = 0
configure:19827: result: yes
configure:19968: checking that generated files are newer than configure
configure:19974: result: done
configure:20169: creating ./config.status

## ---------------------- ##
## Running config.status. ##
## ---------------------- ##

This file was extended by tesseract config.status 5.3.1, which was
generated by GNU Autoconf 2.71.  Invocation command line was

  CONFIG_FILES    = 
  CONFIG_HEADERS  = 
  CONFIG_LINKS    = 
  CONFIG_COMMANDS = 
  $ ./config.status 

on DE-VNLKV27R7H

config.status:1283: creating include/tesseract/version.h
config.status:1283: creating Makefile
config.status:1283: creating tesseract.pc
config.status:1283: creating tessdata/Makefile
config.status:1283: creating tessdata/configs/Makefile
config.status:1283: creating tessdata/tessconfigs/Makefile
config.status:1283: creating java/Makefile
config.status:1283: creating java/com/Makefile
config.status:1283: creating java/com/google/Makefile
config.status:1283: creating java/com/google/scrollview/Makefile
config.status:1283: creating java/com/google/scrollview/events/Makefile
config.status:1283: creating java/com/google/scrollview/ui/Makefile
config.status:1283: creating include/config_auto.h
config.status:1497: executing depfiles commands
config.status:1574: cd .       && sed -e '/# am--include-marker/d' Makefile         | make -f - am--depfiles
config.status:1579: $? = 0
config.status:1497: executing libtool commands

## ---------------- ##
## Cache variables. ##
## ---------------- ##

ac_cv_build=aarch64-apple-darwin22.4.0
ac_cv_c_compiler_gnu=yes
ac_cv_cxx_compiler_gnu=yes
ac_cv_env_CCC_set=
ac_cv_env_CCC_value=
ac_cv_env_CC_set=
ac_cv_env_CC_value=
ac_cv_env_CFLAGS_set=
ac_cv_env_CFLAGS_value=
ac_cv_env_CPPFLAGS_set=
ac_cv_env_CPPFLAGS_value=
ac_cv_env_CXXCPP_set=
ac_cv_env_CXXCPP_value=
ac_cv_env_CXXFLAGS_set=set
ac_cv_env_CXXFLAGS_value='-g -O2 -fno-math-errno -Wall -Wextra -Wpedantic'
ac_cv_env_CXX_set=
ac_cv_env_CXX_value=
ac_cv_env_ICU_I18N_CFLAGS_set=
ac_cv_env_ICU_I18N_CFLAGS_value=
ac_cv_env_ICU_I18N_LIBS_set=
ac_cv_env_ICU_I18N_LIBS_value=
ac_cv_env_ICU_UC_CFLAGS_set=
ac_cv_env_ICU_UC_CFLAGS_value=
ac_cv_env_ICU_UC_LIBS_set=
ac_cv_env_ICU_UC_LIBS_value=
ac_cv_env_LDFLAGS_set=
ac_cv_env_LDFLAGS_value=
ac_cv_env_LEPTONICA_CFLAGS_set=
ac_cv_env_LEPTONICA_CFLAGS_value=
ac_cv_env_LEPTONICA_LIBS_set=
ac_cv_env_LEPTONICA_LIBS_value=
ac_cv_env_LIBS_set=
ac_cv_env_LIBS_value=
ac_cv_env_LT_SYS_LIBRARY_PATH_set=
ac_cv_env_LT_SYS_LIBRARY_PATH_value=
ac_cv_env_PKG_CONFIG_LIBDIR_set=
ac_cv_env_PKG_CONFIG_LIBDIR_value=
ac_cv_env_PKG_CONFIG_PATH_set=
ac_cv_env_PKG_CONFIG_PATH_value=
ac_cv_env_PKG_CONFIG_set=
ac_cv_env_PKG_CONFIG_value=
ac_cv_env_build_alias_set=
ac_cv_env_build_alias_value=
ac_cv_env_cairo_CFLAGS_set=
ac_cv_env_cairo_CFLAGS_value=
ac_cv_env_cairo_LIBS_set=
ac_cv_env_cairo_LIBS_value=
ac_cv_env_host_alias_set=
ac_cv_env_host_alias_value=
ac_cv_env_libarchive_CFLAGS_set=
ac_cv_env_libarchive_CFLAGS_value=
ac_cv_env_libarchive_LIBS_set=
ac_cv_env_libarchive_LIBS_value=
ac_cv_env_libcurl_CFLAGS_set=
ac_cv_env_libcurl_CFLAGS_value=
ac_cv_env_libcurl_LIBS_set=
ac_cv_env_libcurl_LIBS_value=
ac_cv_env_pango_CFLAGS_set=
ac_cv_env_pango_CFLAGS_value=
ac_cv_env_pango_LIBS_set=
ac_cv_env_pango_LIBS_value=
ac_cv_env_pangocairo_CFLAGS_set=
ac_cv_env_pangocairo_CFLAGS_value=
ac_cv_env_pangocairo_LIBS_set=
ac_cv_env_pangocairo_LIBS_value=
ac_cv_env_pangoft2_CFLAGS_set=
ac_cv_env_pangoft2_CFLAGS_value=
ac_cv_env_pangoft2_LIBS_set=
ac_cv_env_pangoft2_LIBS_value=
ac_cv_env_target_alias_set=
ac_cv_env_target_alias_value=
ac_cv_func_feenableexcept=no
ac_cv_header_dlfcn_h=yes
ac_cv_header_inttypes_h=yes
ac_cv_header_stdint_h=yes
ac_cv_header_stdio_h=yes
ac_cv_header_stdlib_h=yes
ac_cv_header_string_h=yes
ac_cv_header_strings_h=yes
ac_cv_header_sys_stat_h=yes
ac_cv_header_sys_types_h=yes
ac_cv_header_tensorflow_core_framework_graph_pb_h=no
ac_cv_header_tiffio_h=no
ac_cv_header_unistd_h=yes
ac_cv_host=aarch64-apple-darwin22.4.0
ac_cv_objext=o
ac_cv_path_EGREP='/usr/bin/grep -E'
ac_cv_path_FGREP='/usr/bin/grep -F'
ac_cv_path_GREP=/usr/bin/grep
ac_cv_path_SED=/usr/bin/sed
ac_cv_path_ac_pt_PKG_CONFIG=/opt/homebrew/bin/pkg-config
ac_cv_path_install='/usr/bin/install -c'
ac_cv_path_lt_DD=/bin/dd
ac_cv_prog_AWK=awk
ac_cv_prog_CXXCPP='g++ -E'
ac_cv_prog_ac_ct_AR=ar
ac_cv_prog_ac_ct_CC=gcc
ac_cv_prog_ac_ct_CXX=g++
ac_cv_prog_ac_ct_DSYMUTIL=dsymutil
ac_cv_prog_ac_ct_FILECMD=file
ac_cv_prog_ac_ct_LIPO=lipo
ac_cv_prog_ac_ct_NMEDIT=nmedit
ac_cv_prog_ac_ct_OBJDUMP=objdump
ac_cv_prog_ac_ct_OTOOL=otool
ac_cv_prog_ac_ct_RANLIB=ranlib
ac_cv_prog_ac_ct_STRIP=strip
ac_cv_prog_cc_c11=
ac_cv_prog_cc_g=yes
ac_cv_prog_cc_stdc=
ac_cv_prog_cxx_11=no
ac_cv_prog_cxx_g=yes
ac_cv_prog_cxx_stdcxx=
ac_cv_prog_have_asciidoc=false
ac_cv_prog_have_brew=true
ac_cv_prog_have_xsltproc=true
ac_cv_prog_make_make_set=yes
ac_cv_search_pthread_create='none required'
ac_cv_type_long_long_int=yes
ac_cv_type_wchar_t=yes
am_cv_CC_dependencies_compiler_type=gcc3
am_cv_CXX_dependencies_compiler_type=gcc3
am_cv_make_support_nested_variables=yes
am_cv_prog_cc_c_o=yes
ax_cv_check_cxxflags___Werror_unused_command_line_argument=yes
ax_cv_check_cxxflags__fopenmp_simd=yes
ax_cv_check_cxxflags__std_cpp17=yes
ax_cv_check_cxxflags__std_cpp20=yes
lt_cv_apple_cc_single_mod=yes
lt_cv_ar_at_file=no
lt_cv_deplibs_check_method=pass_all
lt_cv_file_magic_cmd='$MAGIC_CMD'
lt_cv_file_magic_test_file=
lt_cv_ld_exported_symbols_list=yes
lt_cv_ld_force_load=yes
lt_cv_ld_reload_flag=-r
lt_cv_nm_interface='BSD nm'
lt_cv_objdir=.libs
lt_cv_path_LD=/Library/Developer/CommandLineTools/usr/bin/ld
lt_cv_path_LDCXX=/Library/Developer/CommandLineTools/usr/bin/ld
lt_cv_path_NM='/usr/bin/nm -B'
lt_cv_path_mainfest_tool=no
lt_cv_prog_compiler_c_o=yes
lt_cv_prog_compiler_c_o_CXX=yes
lt_cv_prog_compiler_pic='-fno-common -DPIC'
lt_cv_prog_compiler_pic_CXX='-fno-common -DPIC'
lt_cv_prog_compiler_pic_works=yes
lt_cv_prog_compiler_pic_works_CXX=yes
lt_cv_prog_compiler_rtti_exceptions=yes
lt_cv_prog_compiler_static_works=no
lt_cv_prog_compiler_static_works_CXX=no
lt_cv_prog_gnu_ld=no
lt_cv_prog_gnu_ldcxx=no
lt_cv_sharedlib_from_linklib_cmd='printf %s\n'
lt_cv_sys_global_symbol_pipe='/usr/bin/sed -n -e '\''s/^.*[	 ]\([ABCDGIRSTW][ABCDGIRSTW]*\)[	 ][	 ]*_\([_A-Za-z][_A-Za-z0-9]*\)$/\1 _\2 \2/p'\'' | /usr/bin/sed '\''/ __gnu_lto/d'\'''
lt_cv_sys_global_symbol_to_c_name_address='/usr/bin/sed -n -e '\''s/^: \(.*\) .*$/  {"\1", (void *) 0},/p'\'' -e '\''s/^[ABCDGIRSTW][ABCDGIRSTW]* .* \(.*\)$/  {"\1", (void *) \&\1},/p'\'''
lt_cv_sys_global_symbol_to_c_name_address_lib_prefix='/usr/bin/sed -n -e '\''s/^: \(.*\) .*$/  {"\1", (void *) 0},/p'\'' -e '\''s/^[ABCDGIRSTW][ABCDGIRSTW]* .* \(lib.*\)$/  {"\1", (void *) \&\1},/p'\'' -e '\''s/^[ABCDGIRSTW][ABCDGIRSTW]* .* \(.*\)$/  {"lib\1", (void *) \&\1},/p'\'''
lt_cv_sys_global_symbol_to_cdecl='/usr/bin/sed -n -e '\''s/^T .* \(.*\)$/extern int \1();/p'\'' -e '\''s/^[ABCDGIRSTW][ABCDGIRSTW]* .* \(.*\)$/extern char \1;/p'\'''
lt_cv_sys_global_symbol_to_import=
lt_cv_sys_max_cmd_len=786432
lt_cv_to_host_file_cmd=func_convert_file_noop
lt_cv_to_tool_file_cmd=func_convert_file_noop
lt_cv_truncate_bin='/bin/dd bs=4096 count=1'
my_cv_framework_Accelerate=yes
my_cv_framework_OpenCL=yes
pkg_cv_ICU_I18N_CFLAGS=-I/opt/homebrew/Cellar/icu4c/72.1/include
pkg_cv_ICU_I18N_LIBS='-L/opt/homebrew/Cellar/icu4c/72.1/lib -licui18n -licuuc -licudata'
pkg_cv_ICU_UC_CFLAGS=-I/opt/homebrew/Cellar/icu4c/72.1/include
pkg_cv_ICU_UC_LIBS='-L/opt/homebrew/Cellar/icu4c/72.1/lib -licuuc -licudata'
pkg_cv_LEPTONICA_CFLAGS=-I/opt/homebrew/Cellar/leptonica/1.82.0_2/include/leptonica
pkg_cv_LEPTONICA_LIBS='-L/opt/homebrew/Cellar/leptonica/1.82.0_2/lib -llept'
pkg_cv_cairo_CFLAGS='-I/opt/homebrew/Cellar/cairo/1.16.0_5/include/cairo -I/opt/homebrew/Cellar/glib/2.76.3/include -I/opt/homebrew/Cellar/glib/2.76.3/include/glib-2.0 -I/opt/homebrew/Cellar/glib/2.76.3/lib/glib-2.0/include -I/opt/homebrew/opt/gettext/include -I/opt/homebrew/Cellar/pcre2/10.42/include -I/opt/homebrew/Cellar/pixman/0.42.2/include/pixman-1 -I/opt/homebrew/Cellar/fontconfig/2.14.2/include -I/opt/homebrew/opt/freetype/include/freetype2 -I/opt/homebrew/Cellar/libpng/1.6.39/include/libpng16 -I/opt/homebrew/Cellar/libxcb/1.15_1/include -I/opt/homebrew/Cellar/libxrender/0.9.11/include -I/opt/homebrew/Cellar/libxext/1.3.5/include -I/opt/homebrew/Cellar/libx11/1.8.4/include -I/opt/homebrew/Cellar/libxcb/1.15_1/include -I/opt/homebrew/Cellar/libxau/1.0.11/include -I/opt/homebrew/Cellar/libxdmcp/1.1.4/include -I/opt/homebrew/Cellar/xorgproto/2022.2/include -I/Library/Developer/CommandLineTools/SDKs/MacOSX12.sdk/usr/include/ffi'
pkg_cv_cairo_LIBS='-L/opt/homebrew/Cellar/cairo/1.16.0_5/lib -lcairo'
pkg_cv_libcurl_CFLAGS=
pkg_cv_libcurl_LIBS=-lcurl
pkg_cv_pango_CFLAGS='-I/opt/homebrew/Cellar/pango/1.50.14/include/pango-1.0 -I/opt/homebrew/Cellar/glib/2.76.3/include -I/opt/homebrew/Cellar/fribidi/1.0.13/include/fribidi -I/opt/homebrew/Cellar/cairo/1.16.0_5/include/cairo -I/opt/homebrew/Cellar/pixman/0.42.2/include/pixman-1 -I/opt/homebrew/Cellar/fontconfig/2.14.2/include -I/opt/homebrew/Cellar/libxcb/1.15_1/include -I/opt/homebrew/Cellar/libxrender/0.9.11/include -I/opt/homebrew/Cellar/libxext/1.3.5/include -I/opt/homebrew/Cellar/libx11/1.8.4/include -I/opt/homebrew/Cellar/libxcb/1.15_1/include -I/opt/homebrew/Cellar/libxau/1.0.11/include -I/opt/homebrew/Cellar/libxdmcp/1.1.4/include -I/opt/homebrew/Cellar/glib/2.76.3/include -I/opt/homebrew/Cellar/harfbuzz/7.3.0/include/harfbuzz -I/opt/homebrew/opt/freetype/include/freetype2 -I/opt/homebrew/Cellar/libpng/1.6.39/include/libpng16 -I/opt/homebrew/Cellar/glib/2.76.3/include/glib-2.0 -I/opt/homebrew/Cellar/glib/2.76.3/lib/glib-2.0/include -I/opt/homebrew/opt/gettext/include -I/opt/homebrew/Cellar/pcre2/10.42/include -I/opt/homebrew/Cellar/graphite2/1.3.14/include -I/opt/homebrew/Cellar/xorgproto/2022.2/include -I/Library/Developer/CommandLineTools/SDKs/MacOSX12.sdk/usr/include/ffi'
pkg_cv_pango_LIBS='-L/opt/homebrew/Cellar/pango/1.50.14/lib -L/opt/homebrew/Cellar/glib/2.76.3/lib -L/opt/homebrew/opt/gettext/lib -L/opt/homebrew/Cellar/harfbuzz/7.3.0/lib -lpango-1.0 -lgobject-2.0 -lglib-2.0 -lintl -lharfbuzz'
pkg_cv_pangocairo_CFLAGS='-I/opt/homebrew/Cellar/pango/1.50.14/include/pango-1.0 -I/opt/homebrew/Cellar/harfbuzz/7.3.0/include/harfbuzz -I/opt/homebrew/Cellar/pango/1.50.14/include/pango-1.0 -I/opt/homebrew/Cellar/glib/2.76.3/include -I/opt/homebrew/Cellar/fribidi/1.0.13/include/fribidi -I/opt/homebrew/Cellar/harfbuzz/7.3.0/include/harfbuzz -I/opt/homebrew/Cellar/graphite2/1.3.14/include -I/opt/homebrew/Cellar/cairo/1.16.0_5/include/cairo -I/opt/homebrew/Cellar/glib/2.76.3/include -I/opt/homebrew/Cellar/glib/2.76.3/include/glib-2.0 -I/opt/homebrew/Cellar/glib/2.76.3/lib/glib-2.0/include -I/opt/homebrew/opt/gettext/include -I/opt/homebrew/Cellar/pcre2/10.42/include -I/opt/homebrew/Cellar/pixman/0.42.2/include/pixman-1 -I/opt/homebrew/Cellar/fontconfig/2.14.2/include -I/opt/homebrew/opt/freetype/include/freetype2 -I/opt/homebrew/Cellar/libpng/1.6.39/include/libpng16 -I/opt/homebrew/Cellar/libxcb/1.15_1/include -I/opt/homebrew/Cellar/libxrender/0.9.11/include -I/opt/homebrew/Cellar/libxext/1.3.5/include -I/opt/homebrew/Cellar/libx11/1.8.4/include -I/opt/homebrew/Cellar/libxcb/1.15_1/include -I/opt/homebrew/Cellar/libxau/1.0.11/include -I/opt/homebrew/Cellar/libxdmcp/1.1.4/include -I/opt/homebrew/Cellar/xorgproto/2022.2/include -I/Library/Developer/CommandLineTools/SDKs/MacOSX12.sdk/usr/include/ffi'
pkg_cv_pangocairo_LIBS='-L/opt/homebrew/Cellar/pango/1.50.14/lib -L/opt/homebrew/Cellar/glib/2.76.3/lib -L/opt/homebrew/opt/gettext/lib -L/opt/homebrew/Cellar/harfbuzz/7.3.0/lib -L/opt/homebrew/Cellar/cairo/1.16.0_5/lib -lpangocairo-1.0 -lpango-1.0 -lgobject-2.0 -lglib-2.0 -lintl -lharfbuzz -lcairo'
pkg_cv_pangoft2_CFLAGS='-I/opt/homebrew/Cellar/pango/1.50.14/include/pango-1.0 -I/opt/homebrew/Cellar/harfbuzz/7.3.0/include/harfbuzz -I/opt/homebrew/Cellar/pango/1.50.14/include/pango-1.0 -I/opt/homebrew/Cellar/glib/2.76.3/include -I/opt/homebrew/Cellar/fribidi/1.0.13/include/fribidi -I/opt/homebrew/Cellar/cairo/1.16.0_5/include/cairo -I/opt/homebrew/Cellar/pixman/0.42.2/include/pixman-1 -I/opt/homebrew/Cellar/libxcb/1.15_1/include -I/opt/homebrew/Cellar/libxrender/0.9.11/include -I/opt/homebrew/Cellar/libxext/1.3.5/include -I/opt/homebrew/Cellar/libx11/1.8.4/include -I/opt/homebrew/Cellar/libxcb/1.15_1/include -I/opt/homebrew/Cellar/libxau/1.0.11/include -I/opt/homebrew/Cellar/libxdmcp/1.1.4/include -I/opt/homebrew/Cellar/glib/2.76.3/include -I/opt/homebrew/Cellar/harfbuzz/7.3.0/include/harfbuzz -I/opt/homebrew/Cellar/glib/2.76.3/include/glib-2.0 -I/opt/homebrew/Cellar/glib/2.76.3/lib/glib-2.0/include -I/opt/homebrew/opt/gettext/include -I/opt/homebrew/Cellar/pcre2/10.42/include -I/opt/homebrew/Cellar/graphite2/1.3.14/include -I/opt/homebrew/Cellar/fontconfig/2.14.2/include -I/opt/homebrew/opt/freetype/include/freetype2 -I/opt/homebrew/Cellar/libpng/1.6.39/include/libpng16 -I/opt/homebrew/Cellar/xorgproto/2022.2/include -I/Library/Developer/CommandLineTools/SDKs/MacOSX12.sdk/usr/include/ffi'
pkg_cv_pangoft2_LIBS='-L/opt/homebrew/Cellar/pango/1.50.14/lib -L/opt/homebrew/Cellar/glib/2.76.3/lib -L/opt/homebrew/opt/gettext/lib -L/opt/homebrew/Cellar/harfbuzz/7.3.0/lib -L/opt/homebrew/Cellar/fontconfig/2.14.2/lib -L/opt/homebrew/opt/freetype/lib -lpangoft2-1.0 -lpango-1.0 -lgobject-2.0 -lglib-2.0 -lintl -lharfbuzz -lfontconfig -lfreetype'

## ----------------- ##
## Output variables. ##
## ----------------- ##

ACLOCAL='${SHELL} '\''/Users/skrug/PycharmProjects/coba_docai_features/blank_pages/tesseract-5.3.1/config/missing'\'' aclocal-1.16'
ADD_RT_FALSE=''
ADD_RT_TRUE='#'
AMDEPBACKSLASH='\'
AMDEP_FALSE='#'
AMDEP_TRUE=''
AMTAR='$${TAR-tar}'
AM_BACKSLASH='\'
AM_CPPFLAGS='-DHAVE_FRAMEWORK_ACCELERATE  -O2 -DNDEBUG'
AM_DEFAULT_V='$(AM_DEFAULT_VERBOSITY)'
AM_DEFAULT_VERBOSITY='0'
AM_LDFLAGS=' -framework Accelerate'
AM_V='$(V)'
AR='ar'
ASCIIDOC_FALSE=''
ASCIIDOC_TRUE='#'
AUTOCONF='${SHELL} '\''/Users/skrug/PycharmProjects/coba_docai_features/blank_pages/tesseract-5.3.1/config/missing'\'' autoconf'
AUTOHEADER='${SHELL} '\''/Users/skrug/PycharmProjects/coba_docai_features/blank_pages/tesseract-5.3.1/config/missing'\'' autoheader'
AUTOMAKE='${SHELL} '\''/Users/skrug/PycharmProjects/coba_docai_features/blank_pages/tesseract-5.3.1/config/missing'\'' automake-1.16'
AWK='awk'
CC='gcc'
CCDEPMODE='depmode=gcc3'
CFLAGS='-g -O2'
CPPFLAGS=' -I/opt/homebrew/Cellar/leptonica/1.82.0_2/include/leptonica'
CSCOPE='cscope'
CTAGS='ctags'
CXX='g++'
CXXCPP='g++ -E'
CXXDEPMODE='depmode=gcc3'
CXXFLAGS='-g -O2 -fno-math-errno -Wall -Wextra -Wpedantic -std=c++20'
CYGPATH_W='echo'
DEFS='-DHAVE_CONFIG_H'
DEPDIR='.deps'
DISABLED_LEGACY_ENGINE_FALSE=''
DISABLED_LEGACY_ENGINE_TRUE='#'
DLLTOOL='false'
DSYMUTIL='dsymutil'
DUMPBIN=''
ECHO_C='\c'
ECHO_N=''
ECHO_T=''
EGREP='/usr/bin/grep -E'
ENABLE_TRAINING_FALSE='#'
ENABLE_TRAINING_TRUE=''
ETAGS='etags'
EXEEXT=''
FGREP='/usr/bin/grep -F'
FILECMD='file'
FRAMEWORK_ACCELERATE='-framework Accelerate'
FRAMEWORK_OPENCL='-framework OpenCL'
GENERIC_API_VERSION='5.3'
GENERIC_LIBRARY_NAME='tesseract'
GENERIC_LIBRARY_VERSION='5:3'
GENERIC_MAJOR_VERSION='5'
GENERIC_MICRO_VERSION='1'
GENERIC_MINOR_VERSION='3'
GENERIC_RELEASE='5.3'
GENERIC_VERSION='5.3.1'
GRAPHICS_DISABLED_FALSE=''
GRAPHICS_DISABLED_TRUE='#'
GREP='/usr/bin/grep'
HAVE_AVX2_FALSE=''
HAVE_AVX2_TRUE='#'
HAVE_AVX512F_FALSE=''
HAVE_AVX512F_TRUE='#'
HAVE_AVX_FALSE=''
HAVE_AVX_TRUE='#'
HAVE_FMA_FALSE=''
HAVE_FMA_TRUE='#'
HAVE_LIBARCHIVE_FALSE=''
HAVE_LIBARCHIVE_TRUE='#'
HAVE_LIBCURL_FALSE='#'
HAVE_LIBCURL_TRUE=''
HAVE_NEON_FALSE='#'
HAVE_NEON_TRUE=''
HAVE_SSE4_1_FALSE=''
HAVE_SSE4_1_TRUE='#'
HAVE_XML_CATALOG_FILES_FALSE=''
HAVE_XML_CATALOG_FILES_TRUE='#'
ICU_I18N_CFLAGS='-I/opt/homebrew/Cellar/icu4c/72.1/include'
ICU_I18N_LIBS='-L/opt/homebrew/Cellar/icu4c/72.1/lib -licui18n -licuuc -licudata'
ICU_UC_CFLAGS='-I/opt/homebrew/Cellar/icu4c/72.1/include'
ICU_UC_LIBS='-L/opt/homebrew/Cellar/icu4c/72.1/lib -licuuc -licudata'
INSTALL_DATA='${INSTALL} -m 644'
INSTALL_PROGRAM='${INSTALL}'
INSTALL_SCRIPT='${INSTALL}'
INSTALL_STRIP_PROGRAM='$(install_sh) -c -s'
LD='/Library/Developer/CommandLineTools/usr/bin/ld'
LDFLAGS=''
LEPTONICA_CFLAGS='-I/opt/homebrew/Cellar/leptonica/1.82.0_2/include/leptonica'
LEPTONICA_LIBS='-L/opt/homebrew/Cellar/leptonica/1.82.0_2/lib -llept'
LIBOBJS=''
LIBS=''
LIBTOOL='$(SHELL) $(top_builddir)/libtool'
LIPO='lipo'
LN_S='ln -s'
LTLIBOBJS=''
LT_SYS_LIBRARY_PATH=''
MAKEINFO='${SHELL} '\''/Users/skrug/PycharmProjects/coba_docai_features/blank_pages/tesseract-5.3.1/config/missing'\'' makeinfo'
MANIFEST_TOOL=':'
MKDIR_P='../../config/install-sh -c -d'
NEON_CXXFLAGS=''
NM='/usr/bin/nm -B'
NMEDIT='nmedit'
NOUNDEFINED=''
NO_TESSDATA_PREFIX_FALSE=''
NO_TESSDATA_PREFIX_TRUE='#'
OBJDUMP='objdump'
OBJEXT='o'
OPENCL_CPPFLAGS=''
OPENCL_FALSE=''
OPENCL_LDFLAGS=''
OPENCL_TRUE='#'
OPENMP_CXXFLAGS=''
OPENMP_SIMD_FALSE='#'
OPENMP_SIMD_TRUE=''
OTOOL64=':'
OTOOL='otool'
PACKAGE='tesseract'
PACKAGE_BUGREPORT='https://github.com/tesseract-ocr/tesseract/issues'
PACKAGE_DATE='04/01'
PACKAGE_NAME='tesseract'
PACKAGE_STRING='tesseract 5.3.1'
PACKAGE_TARNAME='tesseract'
PACKAGE_URL='https://github.com/tesseract-ocr/tesseract/'
PACKAGE_VERSION='5.3.1'
PACKAGE_YEAR='2023'
PATH_SEPARATOR=':'
PKG_CONFIG='/opt/homebrew/bin/pkg-config'
PKG_CONFIG_LIBDIR=''
PKG_CONFIG_PATH='/opt/homebrew/opt/icu4c/lib/pkgconfig:/opt/homebrew/opt/libarchive/lib/pkgconfig'
RANLIB='ranlib'
SED='/usr/bin/sed'
SET_MAKE=''
SHELL='/bin/sh'
STRIP='strip'
TENSORFLOW_FALSE=''
TENSORFLOW_LIBS=''
TENSORFLOW_TRUE='#'
T_WIN_FALSE=''
T_WIN_TRUE='#'
VERSION='5.3.1'
VISIBILITY_FALSE=''
VISIBILITY_TRUE='#'
XML_CATALOG_FILES=''
ac_ct_AR='ar'
ac_ct_CC='gcc'
ac_ct_CXX='g++'
ac_ct_DUMPBIN=''
am__EXEEXT_FALSE=''
am__EXEEXT_TRUE='#'
am__fastdepCC_FALSE='#'
am__fastdepCC_TRUE=''
am__fastdepCXX_FALSE='#'
am__fastdepCXX_TRUE=''
am__include='include'
am__isrc=' -I$(srcdir)'
am__leading_dot='.'
am__nodep='_no'
am__quote=''
am__tar='$${TAR-tar} chof - "$$tardir"'
am__untar='$${TAR-tar} xf -'
bindir='${exec_prefix}/bin'
build='aarch64-apple-darwin22.4.0'
build_alias=''
build_cpu='aarch64'
build_os='darwin22.4.0'
build_vendor='apple'
cairo_CFLAGS='-I/opt/homebrew/Cellar/cairo/1.16.0_5/include/cairo -I/opt/homebrew/Cellar/glib/2.76.3/include -I/opt/homebrew/Cellar/glib/2.76.3/include/glib-2.0 -I/opt/homebrew/Cellar/glib/2.76.3/lib/glib-2.0/include -I/opt/homebrew/opt/gettext/include -I/opt/homebrew/Cellar/pcre2/10.42/include -I/opt/homebrew/Cellar/pixman/0.42.2/include/pixman-1 -I/opt/homebrew/Cellar/fontconfig/2.14.2/include -I/opt/homebrew/opt/freetype/include/freetype2 -I/opt/homebrew/Cellar/libpng/1.6.39/include/libpng16 -I/opt/homebrew/Cellar/libxcb/1.15_1/include -I/opt/homebrew/Cellar/libxrender/0.9.11/include -I/opt/homebrew/Cellar/libxext/1.3.5/include -I/opt/homebrew/Cellar/libx11/1.8.4/include -I/opt/homebrew/Cellar/libxcb/1.15_1/include -I/opt/homebrew/Cellar/libxau/1.0.11/include -I/opt/homebrew/Cellar/libxdmcp/1.1.4/include -I/opt/homebrew/Cellar/xorgproto/2022.2/include -I/Library/Developer/CommandLineTools/SDKs/MacOSX12.sdk/usr/include/ffi'
cairo_LIBS='-L/opt/homebrew/Cellar/cairo/1.16.0_5/lib -lcairo'
datadir='${datarootdir}'
datarootdir='${prefix}/share'
docdir='${datarootdir}/doc/${PACKAGE_TARNAME}'
dvidir='${docdir}'
exec_prefix='${prefix}'
have_asciidoc='false'
have_brew='true'
have_xsltproc='true'
host='aarch64-apple-darwin22.4.0'
host_alias=''
host_cpu='aarch64'
host_os='darwin22.4.0'
host_vendor='apple'
htmldir='${docdir}'
includedir='${prefix}/include'
infodir='${datarootdir}/info'
install_sh='${SHELL} /Users/skrug/PycharmProjects/coba_docai_features/blank_pages/tesseract-5.3.1/config/install-sh'
libarchive_CFLAGS=''
libarchive_LIBS=''
libcurl_CFLAGS=''
libcurl_LIBS='-lcurl'
libdir='${exec_prefix}/lib'
libexecdir='${exec_prefix}/libexec'
localedir='${datarootdir}/locale'
localstatedir='${prefix}/var'
mandir='${datarootdir}/man'
mkdir_p='$(MKDIR_P)'
oldincludedir='/usr/include'
pango_CFLAGS='-I/opt/homebrew/Cellar/pango/1.50.14/include/pango-1.0 -I/opt/homebrew/Cellar/glib/2.76.3/include -I/opt/homebrew/Cellar/fribidi/1.0.13/include/fribidi -I/opt/homebrew/Cellar/cairo/1.16.0_5/include/cairo -I/opt/homebrew/Cellar/pixman/0.42.2/include/pixman-1 -I/opt/homebrew/Cellar/fontconfig/2.14.2/include -I/opt/homebrew/Cellar/libxcb/1.15_1/include -I/opt/homebrew/Cellar/libxrender/0.9.11/include -I/opt/homebrew/Cellar/libxext/1.3.5/include -I/opt/homebrew/Cellar/libx11/1.8.4/include -I/opt/homebrew/Cellar/libxcb/1.15_1/include -I/opt/homebrew/Cellar/libxau/1.0.11/include -I/opt/homebrew/Cellar/libxdmcp/1.1.4/include -I/opt/homebrew/Cellar/glib/2.76.3/include -I/opt/homebrew/Cellar/harfbuzz/7.3.0/include/harfbuzz -I/opt/homebrew/opt/freetype/include/freetype2 -I/opt/homebrew/Cellar/libpng/1.6.39/include/libpng16 -I/opt/homebrew/Cellar/glib/2.76.3/include/glib-2.0 -I/opt/homebrew/Cellar/glib/2.76.3/lib/glib-2.0/include -I/opt/homebrew/opt/gettext/include -I/opt/homebrew/Cellar/pcre2/10.42/include -I/opt/homebrew/Cellar/graphite2/1.3.14/include -I/opt/homebrew/Cellar/xorgproto/2022.2/include -I/Library/Developer/CommandLineTools/SDKs/MacOSX12.sdk/usr/include/ffi'
pango_LIBS='-L/opt/homebrew/Cellar/pango/1.50.14/lib -L/opt/homebrew/Cellar/glib/2.76.3/lib -L/opt/homebrew/opt/gettext/lib -L/opt/homebrew/Cellar/harfbuzz/7.3.0/lib -lpango-1.0 -lgobject-2.0 -lglib-2.0 -lintl -lharfbuzz'
pangocairo_CFLAGS='-I/opt/homebrew/Cellar/pango/1.50.14/include/pango-1.0 -I/opt/homebrew/Cellar/harfbuzz/7.3.0/include/harfbuzz -I/opt/homebrew/Cellar/pango/1.50.14/include/pango-1.0 -I/opt/homebrew/Cellar/glib/2.76.3/include -I/opt/homebrew/Cellar/fribidi/1.0.13/include/fribidi -I/opt/homebrew/Cellar/harfbuzz/7.3.0/include/harfbuzz -I/opt/homebrew/Cellar/graphite2/1.3.14/include -I/opt/homebrew/Cellar/cairo/1.16.0_5/include/cairo -I/opt/homebrew/Cellar/glib/2.76.3/include -I/opt/homebrew/Cellar/glib/2.76.3/include/glib-2.0 -I/opt/homebrew/Cellar/glib/2.76.3/lib/glib-2.0/include -I/opt/homebrew/opt/gettext/include -I/opt/homebrew/Cellar/pcre2/10.42/include -I/opt/homebrew/Cellar/pixman/0.42.2/include/pixman-1 -I/opt/homebrew/Cellar/fontconfig/2.14.2/include -I/opt/homebrew/opt/freetype/include/freetype2 -I/opt/homebrew/Cellar/libpng/1.6.39/include/libpng16 -I/opt/homebrew/Cellar/libxcb/1.15_1/include -I/opt/homebrew/Cellar/libxrender/0.9.11/include -I/opt/homebrew/Cellar/libxext/1.3.5/include -I/opt/homebrew/Cellar/libx11/1.8.4/include -I/opt/homebrew/Cellar/libxcb/1.15_1/include -I/opt/homebrew/Cellar/libxau/1.0.11/include -I/opt/homebrew/Cellar/libxdmcp/1.1.4/include -I/opt/homebrew/Cellar/xorgproto/2022.2/include -I/Library/Developer/CommandLineTools/SDKs/MacOSX12.sdk/usr/include/ffi'
pangocairo_LIBS='-L/opt/homebrew/Cellar/pango/1.50.14/lib -L/opt/homebrew/Cellar/glib/2.76.3/lib -L/opt/homebrew/opt/gettext/lib -L/opt/homebrew/Cellar/harfbuzz/7.3.0/lib -L/opt/homebrew/Cellar/cairo/1.16.0_5/lib -lpangocairo-1.0 -lpango-1.0 -lgobject-2.0 -lglib-2.0 -lintl -lharfbuzz -lcairo'
pangoft2_CFLAGS='-I/opt/homebrew/Cellar/pango/1.50.14/include/pango-1.0 -I/opt/homebrew/Cellar/harfbuzz/7.3.0/include/harfbuzz -I/opt/homebrew/Cellar/pango/1.50.14/include/pango-1.0 -I/opt/homebrew/Cellar/glib/2.76.3/include -I/opt/homebrew/Cellar/fribidi/1.0.13/include/fribidi -I/opt/homebrew/Cellar/cairo/1.16.0_5/include/cairo -I/opt/homebrew/Cellar/pixman/0.42.2/include/pixman-1 -I/opt/homebrew/Cellar/libxcb/1.15_1/include -I/opt/homebrew/Cellar/libxrender/0.9.11/include -I/opt/homebrew/Cellar/libxext/1.3.5/include -I/opt/homebrew/Cellar/libx11/1.8.4/include -I/opt/homebrew/Cellar/libxcb/1.15_1/include -I/opt/homebrew/Cellar/libxau/1.0.11/include -I/opt/homebrew/Cellar/libxdmcp/1.1.4/include -I/opt/homebrew/Cellar/glib/2.76.3/include -I/opt/homebrew/Cellar/harfbuzz/7.3.0/include/harfbuzz -I/opt/homebrew/Cellar/glib/2.76.3/include/glib-2.0 -I/opt/homebrew/Cellar/glib/2.76.3/lib/glib-2.0/include -I/opt/homebrew/opt/gettext/include -I/opt/homebrew/Cellar/pcre2/10.42/include -I/opt/homebrew/Cellar/graphite2/1.3.14/include -I/opt/homebrew/Cellar/fontconfig/2.14.2/include -I/opt/homebrew/opt/freetype/include/freetype2 -I/opt/homebrew/Cellar/libpng/1.6.39/include/libpng16 -I/opt/homebrew/Cellar/xorgproto/2022.2/include -I/Library/Developer/CommandLineTools/SDKs/MacOSX12.sdk/usr/include/ffi'
pangoft2_LIBS='-L/opt/homebrew/Cellar/pango/1.50.14/lib -L/opt/homebrew/Cellar/glib/2.76.3/lib -L/opt/homebrew/opt/gettext/lib -L/opt/homebrew/Cellar/harfbuzz/7.3.0/lib -L/opt/homebrew/Cellar/fontconfig/2.14.2/lib -L/opt/homebrew/opt/freetype/lib -lpangoft2-1.0 -lpango-1.0 -lgobject-2.0 -lglib-2.0 -lintl -lharfbuzz -lfontconfig -lfreetype'
pdfdir='${docdir}'
prefix='/usr/local'
program_transform_name='s,x,x,'
psdir='${docdir}'
runstatedir='${localstatedir}/run'
sbindir='${exec_prefix}/sbin'
sharedstatedir='${prefix}/com'
sysconfdir='${prefix}/etc'
target_alias=''

## ----------- ##
## confdefs.h. ##
## ----------- ##

/* confdefs.h */
#define PACKAGE_NAME "tesseract"
#define PACKAGE_TARNAME "tesseract"
#define PACKAGE_VERSION "5.3.1"
#define PACKAGE_STRING "tesseract 5.3.1"
#define PACKAGE_BUGREPORT "https://github.com/tesseract-ocr/tesseract/issues"
#define PACKAGE_URL "https://github.com/tesseract-ocr/tesseract/"
#define PACKAGE "tesseract"
#define VERSION "5.3.1"
#define PACKAGE_NAME "tesseract"
#define PACKAGE_VERSION "5.3.1"
#define PACKAGE_YEAR "2023"
#define PACKAGE_DATE "04/01"
#define HAVE_NEON 1
#define FAST_FLOAT 1
#define HAVE_STDIO_H 1
#define HAVE_STDLIB_H 1
#define HAVE_STRING_H 1
#define HAVE_INTTYPES_H 1
#define HAVE_STDINT_H 1
#define HAVE_STRINGS_H 1
#define HAVE_SYS_STAT_H 1
#define HAVE_SYS_TYPES_H 1
#define HAVE_UNISTD_H 1
#define STDC_HEADERS 1
#define HAVE_FRAMEWORK_ACCELERATE 1
#define HAVE_FRAMEWORK_OPENCL 1
#define HAVE_DLFCN_H 1
#define LT_OBJDIR ".libs/"
#define HAVE_WCHAR_T 1
#define HAVE_LONG_LONG_INT 1
#define HAVE_LIBCURL 1

configure: exit 0
